{"timestamp":"2025-09-11T23:09:21.515535Z","level":"INFO","fields":{"message":"Staring Hyperion Node..."},"target":"hyperion_node","threadId":"ThreadId(1)"}
{"timestamp":"2025-09-11T23:09:21.515576Z","level":"WARN","fields":{"message":"Failed to load chain from disk: No such file or directory (os error 2), creating new genesis"},"target":"hyperion_node","threadId":"ThreadId(1)"}
{"timestamp":"2025-09-11T23:09:21.515598Z","level":"INFO","fields":{"message":"Genesis Block: 0ced80918b8f63ec0ea8bb451f58371210dbac508e3dcdebed34492e6c527d32"},"target":"hyperion_node","threadId":"ThreadId(1)"}
{"timestamp":"2025-09-11T23:09:21.515776Z","level":"INFO","fields":{"message":"Added 215 test transactions to mempool"},"target":"hyperion_node","threadId":"ThreadId(1)"}
{"timestamp":"2025-09-11T23:09:21.515790Z","level":"INFO","fields":{"message":"RPC server listening on 127.0.0.1:6001"},"target":"hyperion_node","threadId":"ThreadId(1)"}
{"timestamp":"2025-09-11T23:09:21.515794Z","level":"INFO","fields":{"message":"P2P listener on 127.0.0.1:6000"},"target":"hyperion_node","threadId":"ThreadId(1)"}
{"timestamp":"2025-09-11T23:09:21.515800Z","level":"INFO","fields":{"message":"Press Ctrl+C to stop"},"target":"hyperion_node","threadId":"ThreadId(1)"}
{"timestamp":"2025-09-11T23:09:27.246075Z","level":"INFO","fields":{"message":"Block accepted","height":"2","tx_count":"100"},"target":"hyperion_node::rpc::handlers","spans":[{"block_hash":"69fdd3f9c71560cc6e17b6979f7ad3254db22dd12eee56da855e65d7191ade4a","name":"submit_block"}],"threadId":"ThreadId(3)"}
{"timestamp":"2025-09-11T23:09:27.261878Z","level":"WARN","fields":{"message":"Block rejected","error":"InvalidPreviousHash"},"target":"hyperion_node::rpc::handlers","spans":[{"block_hash":"8d545d64b2da844e8d95943d59cac8fbcf78ca7ff9995f85b09b410c84f4b7af","name":"submit_block"}],"threadId":"ThreadId(3)"}
{"timestamp":"2025-09-11T23:09:27.273777Z","level":"WARN","fields":{"message":"Block rejected","error":"InvalidPreviousHash"},"target":"hyperion_node::rpc::handlers","spans":[{"block_hash":"8e10673b95c59a300309f7f13b2ae52c7f7f26ae51af07902e2b8801c602e0e6","name":"submit_block"}],"threadId":"ThreadId(3)"}
{"timestamp":"2025-09-11T23:09:27.285677Z","level":"WARN","fields":{"message":"Block rejected","error":"InvalidPreviousHash"},"target":"hyperion_node::rpc::handlers","spans":[{"block_hash":"47e39795219f6e40c03febf3dc59de552a008aeca048624f1a5d15d61f07296c","name":"submit_block"}],"threadId":"ThreadId(3)"}
{"timestamp":"2025-09-11T23:09:27.297624Z","level":"INFO","fields":{"message":"Block accepted","height":"3","tx_count":"100"},"target":"hyperion_node::rpc::handlers","spans":[{"block_hash":"23d0b79b93bbf80b48f165f1e4c2ffff265600f770dda1d036dbe1e6a443c8d7","name":"submit_block"}],"threadId":"ThreadId(3)"}
{"timestamp":"2025-09-11T23:09:27.309681Z","level":"WARN","fields":{"message":"Block rejected","error":"InvalidPreviousHash"},"target":"hyperion_node::rpc::handlers","spans":[{"block_hash":"3416f59391e76ba4a4e8f9ad6130b933abfa20243fa451ee10ad9589b76e142e","name":"submit_block"}],"threadId":"ThreadId(3)"}
{"timestamp":"2025-09-11T23:09:27.321440Z","level":"WARN","fields":{"message":"Block rejected","error":"InvalidPreviousHash"},"target":"hyperion_node::rpc::handlers","spans":[{"block_hash":"ec3dc55346aa46c6b9ad16f1e042c0f6ff5c7e71cb7dae16d1028f5929a09cda","name":"submit_block"}],"threadId":"ThreadId(3)"}
{"timestamp":"2025-09-11T23:09:27.333249Z","level":"WARN","fields":{"message":"Block rejected","error":"InvalidPreviousHash"},"target":"hyperion_node::rpc::handlers","spans":[{"block_hash":"9840177d74cd2766afa087504534bc0fa2fae0b708d23b2719eba2698a1230da","name":"submit_block"}],"threadId":"ThreadId(3)"}
{"timestamp":"2025-09-11T23:09:27.344896Z","level":"WARN","fields":{"message":"Block rejected","error":"InvalidPreviousHash"},"target":"hyperion_node::rpc::handlers","spans":[{"block_hash":"1e389ca6fc1ab61e92469d368b9955e8a194e26d1221c54253b648d52081857f","name":"submit_block"}],"threadId":"ThreadId(3)"}
{"timestamp":"2025-09-11T23:09:27.356591Z","level":"WARN","fields":{"message":"Block rejected","error":"InvalidPreviousHash"},"target":"hyperion_node::rpc::handlers","spans":[{"block_hash":"6ca8426b82b2db9f5fc58155a565f13ded801e9338daa4e9e60e00734be126b9","name":"submit_block"}],"threadId":"ThreadId(3)"}
{"timestamp":"2025-09-11T23:09:27.368387Z","level":"WARN","fields":{"message":"Block rejected","error":"InvalidPreviousHash"},"target":"hyperion_node::rpc::handlers","spans":[{"block_hash":"7a3d14209a0974b16ac9efa77058d732551ec180a46b139db706a21a76717521","name":"submit_block"}],"threadId":"ThreadId(3)"}
{"timestamp":"2025-09-11T23:09:27.380044Z","level":"WARN","fields":{"message":"Block rejected","error":"InvalidPreviousHash"},"target":"hyperion_node::rpc::handlers","spans":[{"block_hash":"7c94bf59c184c08b2ee7b158e45574b8a23db4d156091f983c0fe4c8911031ea","name":"submit_block"}],"threadId":"ThreadId(3)"}
{"timestamp":"2025-09-11T23:09:27.391853Z","level":"WARN","fields":{"message":"Block rejected","error":"InvalidPreviousHash"},"target":"hyperion_node::rpc::handlers","spans":[{"block_hash":"e378ba11409eb8bec35049a77762da8f43e5b6edab4bacc3d68161b4c374bdf2","name":"submit_block"}],"threadId":"ThreadId(3)"}
{"timestamp":"2025-09-11T23:09:27.403660Z","level":"WARN","fields":{"message":"Block rejected","error":"InvalidPreviousHash"},"target":"hyperion_node::rpc::handlers","spans":[{"block_hash":"f56a3926dc72089227bf13eb4291c0aa1327f3e4eb9943521671840b187d6b2d","name":"submit_block"}],"threadId":"ThreadId(3)"}
{"timestamp":"2025-09-11T23:09:27.415146Z","level":"WARN","fields":{"message":"Block rejected","error":"InvalidPreviousHash"},"target":"hyperion_node::rpc::handlers","spans":[{"block_hash":"49ffea25fe85182c27a2bdeaee948b7725a273e1aeca03d5490814da5e96acf7","name":"submit_block"}],"threadId":"ThreadId(3)"}
{"timestamp":"2025-09-11T23:09:27.426868Z","level":"WARN","fields":{"message":"Block rejected","error":"InvalidPreviousHash"},"target":"hyperion_node::rpc::handlers","spans":[{"block_hash":"7d49e8a1859de2ae544119f1fa5b7cf3cac934fb2099d9f05112c918aba699aa","name":"submit_block"}],"threadId":"ThreadId(3)"}
{"timestamp":"2025-09-11T23:09:27.438822Z","level":"WARN","fields":{"message":"Block rejected","error":"InvalidPreviousHash"},"target":"hyperion_node::rpc::handlers","spans":[{"block_hash":"f56a3926dc72089227bf13eb4291c0aa1327f3e4eb9943521671840b187d6b2d","name":"submit_block"}],"threadId":"ThreadId(3)"}
{"timestamp":"2025-09-11T23:09:27.450593Z","level":"WARN","fields":{"message":"Block rejected","error":"InvalidPreviousHash"},"target":"hyperion_node::rpc::handlers","spans":[{"block_hash":"e378ba11409eb8bec35049a77762da8f43e5b6edab4bacc3d68161b4c374bdf2","name":"submit_block"}],"threadId":"ThreadId(3)"}
{"timestamp":"2025-09-11T23:09:27.462390Z","level":"WARN","fields":{"message":"Block rejected","error":"InvalidPreviousHash"},"target":"hyperion_node::rpc::handlers","spans":[{"block_hash":"49ffea25fe85182c27a2bdeaee948b7725a273e1aeca03d5490814da5e96acf7","name":"submit_block"}],"threadId":"ThreadId(3)"}
{"timestamp":"2025-09-11T23:09:27.474082Z","level":"INFO","fields":{"message":"Block accepted","height":"4","tx_count":"0"},"target":"hyperion_node::rpc::handlers","spans":[{"block_hash":"7e999b1bb44e6fdb1f143af1552adffc82d379253ee24c4e3c85620b612108af","name":"submit_block"}],"threadId":"ThreadId(3)"}
{"timestamp":"2025-09-11T23:09:27.485824Z","level":"WARN","fields":{"message":"Block rejected","error":"InvalidPreviousHash"},"target":"hyperion_node::rpc::handlers","spans":[{"block_hash":"a612fc30addb64def794b8c647a8d1e0cf16bd8d37ac011fc742988b94b8bca8","name":"submit_block"}],"threadId":"ThreadId(3)"}
{"timestamp":"2025-09-11T23:09:27.497473Z","level":"WARN","fields":{"message":"Block rejected","error":"InvalidPreviousHash"},"target":"hyperion_node::rpc::handlers","spans":[{"block_hash":"9060d303414c104e924889366697e2b3cdc8f4d3d22f39db1821cc0309bc5a12","name":"submit_block"}],"threadId":"ThreadId(3)"}
{"timestamp":"2025-09-11T23:09:27.509069Z","level":"WARN","fields":{"message":"Block rejected","error":"InvalidPreviousHash"},"target":"hyperion_node::rpc::handlers","spans":[{"block_hash":"d6222f956071856becdde2eec97c94efe30f8fe201bdf5c8d453e6c89a4b2a70","name":"submit_block"}],"threadId":"ThreadId(3)"}
{"timestamp":"2025-09-11T23:09:27.520750Z","level":"WARN","fields":{"message":"Block rejected","error":"InvalidPreviousHash"},"target":"hyperion_node::rpc::handlers","spans":[{"block_hash":"7e999b1bb44e6fdb1f143af1552adffc82d379253ee24c4e3c85620b612108af","name":"submit_block"}],"threadId":"ThreadId(3)"}
{"timestamp":"2025-09-11T23:09:27.532378Z","level":"WARN","fields":{"message":"Block rejected","error":"InvalidPreviousHash"},"target":"hyperion_node::rpc::handlers","spans":[{"block_hash":"a612fc30addb64def794b8c647a8d1e0cf16bd8d37ac011fc742988b94b8bca8","name":"submit_block"}],"threadId":"ThreadId(3)"}
{"timestamp":"2025-09-11T23:09:27.543853Z","level":"WARN","fields":{"message":"Block rejected","error":"InvalidPreviousHash"},"target":"hyperion_node::rpc::handlers","spans":[{"block_hash":"9060d303414c104e924889366697e2b3cdc8f4d3d22f39db1821cc0309bc5a12","name":"submit_block"}],"threadId":"ThreadId(3)"}
{"timestamp":"2025-09-11T23:09:27.555507Z","level":"WARN","fields":{"message":"Block rejected","error":"InvalidPreviousHash"},"target":"hyperion_node::rpc::handlers","spans":[{"block_hash":"d6222f956071856becdde2eec97c94efe30f8fe201bdf5c8d453e6c89a4b2a70","name":"submit_block"}],"threadId":"ThreadId(3)"}
{"timestamp":"2025-09-11T23:09:27.567130Z","level":"WARN","fields":{"message":"Block rejected","error":"InvalidPreviousHash"},"target":"hyperion_node::rpc::handlers","spans":[{"block_hash":"7e999b1bb44e6fdb1f143af1552adffc82d379253ee24c4e3c85620b612108af","name":"submit_block"}],"threadId":"ThreadId(3)"}
{"timestamp":"2025-09-11T23:09:27.578741Z","level":"WARN","fields":{"message":"Block rejected","error":"InvalidPreviousHash"},"target":"hyperion_node::rpc::handlers","spans":[{"block_hash":"a612fc30addb64def794b8c647a8d1e0cf16bd8d37ac011fc742988b94b8bca8","name":"submit_block"}],"threadId":"ThreadId(3)"}
{"timestamp":"2025-09-11T23:09:27.590373Z","level":"WARN","fields":{"message":"Block rejected","error":"InvalidPreviousHash"},"target":"hyperion_node::rpc::handlers","spans":[{"block_hash":"9060d303414c104e924889366697e2b3cdc8f4d3d22f39db1821cc0309bc5a12","name":"submit_block"}],"threadId":"ThreadId(3)"}
{"timestamp":"2025-09-11T23:09:27.601926Z","level":"WARN","fields":{"message":"Block rejected","error":"InvalidPreviousHash"},"target":"hyperion_node::rpc::handlers","spans":[{"block_hash":"d6222f956071856becdde2eec97c94efe30f8fe201bdf5c8d453e6c89a4b2a70","name":"submit_block"}],"threadId":"ThreadId(3)"}
{"timestamp":"2025-09-11T23:09:27.613583Z","level":"WARN","fields":{"message":"Block rejected","error":"InvalidPreviousHash"},"target":"hyperion_node::rpc::handlers","spans":[{"block_hash":"7e999b1bb44e6fdb1f143af1552adffc82d379253ee24c4e3c85620b612108af","name":"submit_block"}],"threadId":"ThreadId(3)"}
{"timestamp":"2025-09-11T23:09:27.625274Z","level":"WARN","fields":{"message":"Block rejected","error":"InvalidPreviousHash"},"target":"hyperion_node::rpc::handlers","spans":[{"block_hash":"a612fc30addb64def794b8c647a8d1e0cf16bd8d37ac011fc742988b94b8bca8","name":"submit_block"}],"threadId":"ThreadId(3)"}
{"timestamp":"2025-09-11T23:09:27.636852Z","level":"WARN","fields":{"message":"Block rejected","error":"InvalidPreviousHash"},"target":"hyperion_node::rpc::handlers","spans":[{"block_hash":"9060d303414c104e924889366697e2b3cdc8f4d3d22f39db1821cc0309bc5a12","name":"submit_block"}],"threadId":"ThreadId(3)"}
{"timestamp":"2025-09-11T23:09:27.648551Z","level":"INFO","fields":{"message":"Block accepted","height":"5","tx_count":"0"},"target":"hyperion_node::rpc::handlers","spans":[{"block_hash":"933cf020807eba7704125d202125616bfde516b0be36114e620f98cd98cc0ffb","name":"submit_block"}],"threadId":"ThreadId(3)"}
{"timestamp":"2025-09-11T23:09:27.660270Z","level":"WARN","fields":{"message":"Block rejected","error":"InvalidPreviousHash"},"target":"hyperion_node::rpc::handlers","spans":[{"block_hash":"4538d50fa49dabad7badad30b7df221237220b9df1ee319be50b4d71169318de","name":"submit_block"}],"threadId":"ThreadId(3)"}
{"timestamp":"2025-09-11T23:09:27.671829Z","level":"WARN","fields":{"message":"Block rejected","error":"InvalidPreviousHash"},"target":"hyperion_node::rpc::handlers","spans":[{"block_hash":"1b4c11576db30af8914d94fc3a57ab10957394b3861ebda69f0368546dcc09a0","name":"submit_block"}],"threadId":"ThreadId(3)"}
{"timestamp":"2025-09-11T23:09:27.683558Z","level":"WARN","fields":{"message":"Block rejected","error":"InvalidPreviousHash"},"target":"hyperion_node::rpc::handlers","spans":[{"block_hash":"c6739c6a4c1e7bc94a9dc8b894f54dc739786b23c88889650d2a8be16b23d111","name":"submit_block"}],"threadId":"ThreadId(3)"}
{"timestamp":"2025-09-11T23:09:27.695213Z","level":"WARN","fields":{"message":"Block rejected","error":"InvalidPreviousHash"},"target":"hyperion_node::rpc::handlers","spans":[{"block_hash":"933cf020807eba7704125d202125616bfde516b0be36114e620f98cd98cc0ffb","name":"submit_block"}],"threadId":"ThreadId(3)"}
{"timestamp":"2025-09-11T23:09:27.706810Z","level":"WARN","fields":{"message":"Block rejected","error":"InvalidPreviousHash"},"target":"hyperion_node::rpc::handlers","spans":[{"block_hash":"4538d50fa49dabad7badad30b7df221237220b9df1ee319be50b4d71169318de","name":"submit_block"}],"threadId":"ThreadId(3)"}
{"timestamp":"2025-09-11T23:09:27.718264Z","level":"WARN","fields":{"message":"Block rejected","error":"InvalidPreviousHash"},"target":"hyperion_node::rpc::handlers","spans":[{"block_hash":"1b4c11576db30af8914d94fc3a57ab10957394b3861ebda69f0368546dcc09a0","name":"submit_block"}],"threadId":"ThreadId(3)"}
{"timestamp":"2025-09-11T23:09:27.729698Z","level":"WARN","fields":{"message":"Block rejected","error":"InvalidPreviousHash"},"target":"hyperion_node::rpc::handlers","spans":[{"block_hash":"c6739c6a4c1e7bc94a9dc8b894f54dc739786b23c88889650d2a8be16b23d111","name":"submit_block"}],"threadId":"ThreadId(3)"}
{"timestamp":"2025-09-11T23:09:27.741188Z","level":"WARN","fields":{"message":"Block rejected","error":"InvalidPreviousHash"},"target":"hyperion_node::rpc::handlers","spans":[{"block_hash":"933cf020807eba7704125d202125616bfde516b0be36114e620f98cd98cc0ffb","name":"submit_block"}],"threadId":"ThreadId(3)"}
{"timestamp":"2025-09-11T23:09:27.752747Z","level":"WARN","fields":{"message":"Block rejected","error":"InvalidPreviousHash"},"target":"hyperion_node::rpc::handlers","spans":[{"block_hash":"4538d50fa49dabad7badad30b7df221237220b9df1ee319be50b4d71169318de","name":"submit_block"}],"threadId":"ThreadId(3)"}
{"timestamp":"2025-09-11T23:09:27.764379Z","level":"WARN","fields":{"message":"Block rejected","error":"InvalidPreviousHash"},"target":"hyperion_node::rpc::handlers","spans":[{"block_hash":"1b4c11576db30af8914d94fc3a57ab10957394b3861ebda69f0368546dcc09a0","name":"submit_block"}],"threadId":"ThreadId(3)"}
{"timestamp":"2025-09-11T23:09:27.775850Z","level":"WARN","fields":{"message":"Block rejected","error":"InvalidPreviousHash"},"target":"hyperion_node::rpc::handlers","spans":[{"block_hash":"c6739c6a4c1e7bc94a9dc8b894f54dc739786b23c88889650d2a8be16b23d111","name":"submit_block"}],"threadId":"ThreadId(3)"}
{"timestamp":"2025-09-11T23:09:27.787272Z","level":"WARN","fields":{"message":"Block rejected","error":"InvalidPreviousHash"},"target":"hyperion_node::rpc::handlers","spans":[{"block_hash":"933cf020807eba7704125d202125616bfde516b0be36114e620f98cd98cc0ffb","name":"submit_block"}],"threadId":"ThreadId(3)"}
{"timestamp":"2025-09-11T23:09:27.798764Z","level":"WARN","fields":{"message":"Block rejected","error":"InvalidPreviousHash"},"target":"hyperion_node::rpc::handlers","spans":[{"block_hash":"4538d50fa49dabad7badad30b7df221237220b9df1ee319be50b4d71169318de","name":"submit_block"}],"threadId":"ThreadId(3)"}
{"timestamp":"2025-09-11T23:09:27.810257Z","level":"INFO","fields":{"message":"Block accepted","height":"6","tx_count":"0"},"target":"hyperion_node::rpc::handlers","spans":[{"block_hash":"6cc3c383e4253b1bc30bad5c12a4553c49bc5e786ce4e2b381b09dceb739c431","name":"submit_block"}],"threadId":"ThreadId(3)"}
{"timestamp":"2025-09-11T23:09:27.821940Z","level":"WARN","fields":{"message":"Block rejected","error":"InvalidPreviousHash"},"target":"hyperion_node::rpc::handlers","spans":[{"block_hash":"9899103b1561d39576aec7bf15f04e616b6e4f4eda1828d30b4633fed0c5a6f1","name":"submit_block"}],"threadId":"ThreadId(3)"}
{"timestamp":"2025-09-11T23:09:27.833330Z","level":"WARN","fields":{"message":"Block rejected","error":"InvalidPreviousHash"},"target":"hyperion_node::rpc::handlers","spans":[{"block_hash":"ebced024b4dc71ce5bca7f46e4be0d73997b6f963994a28598aab474a81b5f42","name":"submit_block"}],"threadId":"ThreadId(3)"}
{"timestamp":"2025-09-11T23:09:27.844726Z","level":"WARN","fields":{"message":"Block rejected","error":"InvalidPreviousHash"},"target":"hyperion_node::rpc::handlers","spans":[{"block_hash":"b4a9506ad9dc705b2f39f4c819a510727e0705fc54416fac901a8d3b3ed13bf6","name":"submit_block"}],"threadId":"ThreadId(3)"}
{"timestamp":"2025-09-11T23:09:27.856158Z","level":"WARN","fields":{"message":"Block rejected","error":"InvalidPreviousHash"},"target":"hyperion_node::rpc::handlers","spans":[{"block_hash":"6cc3c383e4253b1bc30bad5c12a4553c49bc5e786ce4e2b381b09dceb739c431","name":"submit_block"}],"threadId":"ThreadId(3)"}
{"timestamp":"2025-09-11T23:09:27.867596Z","level":"WARN","fields":{"message":"Block rejected","error":"InvalidPreviousHash"},"target":"hyperion_node::rpc::handlers","spans":[{"block_hash":"9899103b1561d39576aec7bf15f04e616b6e4f4eda1828d30b4633fed0c5a6f1","name":"submit_block"}],"threadId":"ThreadId(3)"}
{"timestamp":"2025-09-11T23:09:27.879132Z","level":"WARN","fields":{"message":"Block rejected","error":"InvalidPreviousHash"},"target":"hyperion_node::rpc::handlers","spans":[{"block_hash":"ebced024b4dc71ce5bca7f46e4be0d73997b6f963994a28598aab474a81b5f42","name":"submit_block"}],"threadId":"ThreadId(3)"}
{"timestamp":"2025-09-11T23:09:27.890566Z","level":"WARN","fields":{"message":"Block rejected","error":"InvalidPreviousHash"},"target":"hyperion_node::rpc::handlers","spans":[{"block_hash":"6cc3c383e4253b1bc30bad5c12a4553c49bc5e786ce4e2b381b09dceb739c431","name":"submit_block"}],"threadId":"ThreadId(3)"}
{"timestamp":"2025-09-11T23:09:27.901987Z","level":"WARN","fields":{"message":"Block rejected","error":"InvalidPreviousHash"},"target":"hyperion_node::rpc::handlers","spans":[{"block_hash":"9899103b1561d39576aec7bf15f04e616b6e4f4eda1828d30b4633fed0c5a6f1","name":"submit_block"}],"threadId":"ThreadId(3)"}
{"timestamp":"2025-09-11T23:09:27.913382Z","level":"WARN","fields":{"message":"Block rejected","error":"InvalidPreviousHash"},"target":"hyperion_node::rpc::handlers","spans":[{"block_hash":"b4a9506ad9dc705b2f39f4c819a510727e0705fc54416fac901a8d3b3ed13bf6","name":"submit_block"}],"threadId":"ThreadId(3)"}
{"timestamp":"2025-09-11T23:09:27.924792Z","level":"WARN","fields":{"message":"Block rejected","error":"InvalidPreviousHash"},"target":"hyperion_node::rpc::handlers","spans":[{"block_hash":"ebced024b4dc71ce5bca7f46e4be0d73997b6f963994a28598aab474a81b5f42","name":"submit_block"}],"threadId":"ThreadId(3)"}
{"timestamp":"2025-09-11T23:09:27.936241Z","level":"WARN","fields":{"message":"Block rejected","error":"InvalidPreviousHash"},"target":"hyperion_node::rpc::handlers","spans":[{"block_hash":"6cc3c383e4253b1bc30bad5c12a4553c49bc5e786ce4e2b381b09dceb739c431","name":"submit_block"}],"threadId":"ThreadId(3)"}
{"timestamp":"2025-09-11T23:09:27.947710Z","level":"WARN","fields":{"message":"Block rejected","error":"InvalidPreviousHash"},"target":"hyperion_node::rpc::handlers","spans":[{"block_hash":"9899103b1561d39576aec7bf15f04e616b6e4f4eda1828d30b4633fed0c5a6f1","name":"submit_block"}],"threadId":"ThreadId(16)"}
{"timestamp":"2025-09-11T23:09:27.959151Z","level":"WARN","fields":{"message":"Block rejected","error":"InvalidPreviousHash"},"target":"hyperion_node::rpc::handlers","spans":[{"block_hash":"b4a9506ad9dc705b2f39f4c819a510727e0705fc54416fac901a8d3b3ed13bf6","name":"submit_block"}],"threadId":"ThreadId(16)"}
{"timestamp":"2025-09-11T23:09:27.970700Z","level":"INFO","fields":{"message":"Block accepted","height":"7","tx_count":"0"},"target":"hyperion_node::rpc::handlers","spans":[{"block_hash":"4d1c792c547dcea7cea8302602f71f1676b233cbb41182fd36ea01d1fbe09fab","name":"submit_block"}],"threadId":"ThreadId(16)"}
{"timestamp":"2025-09-11T23:09:27.983530Z","level":"INFO","fields":{"message":"Block accepted","height":"8","tx_count":"0"},"target":"hyperion_node::rpc::handlers","spans":[{"block_hash":"2f46e2f81e67635bb81070e557c6fd92d7caca7f0b16d3eb97ab058afc38f16e","name":"submit_block"}],"threadId":"ThreadId(16)"}
{"timestamp":"2025-09-11T23:09:27.995567Z","level":"INFO","fields":{"message":"Block accepted","height":"9","tx_count":"0"},"target":"hyperion_node::rpc::handlers","spans":[{"block_hash":"756cde0fb59c026492729d67f4302c0a4265fa7799e42deda49fac12ce043074","name":"submit_block"}],"threadId":"ThreadId(16)"}
{"timestamp":"2025-09-11T23:09:28.337044Z","level":"INFO","fields":{"message":"Block accepted","height":"10","tx_count":"0"},"target":"hyperion_node::rpc::handlers","spans":[{"block_hash":"c6613e1b815c99ef05254515467a614b4f280d72cb39f78bd56f8c7a096b7d1c","name":"submit_block"}],"threadId":"ThreadId(16)"}
{"timestamp":"2025-09-11T23:09:29.230529Z","level":"INFO","fields":{"message":"Block accepted","height":"11","tx_count":"0"},"target":"hyperion_node::rpc::handlers","spans":[{"block_hash":"c0963c1f90ff108649a2b5d5e1ce8c8e00745541998ef2195438e67aa5773534","name":"submit_block"}],"threadId":"ThreadId(16)"}
{"timestamp":"2025-09-11T23:09:29.612295Z","level":"INFO","fields":{"message":"Block accepted","height":"12","tx_count":"0"},"target":"hyperion_node::rpc::handlers","spans":[{"block_hash":"596c810e2f23bc0067ae945c3fede9abb746b764039fe4b1ad0813bad3856d0c","name":"submit_block"}],"threadId":"ThreadId(16)"}
{"timestamp":"2025-09-11T23:16:12.680378Z","level":"INFO","fields":{"message":"Block accepted","height":"13","tx_count":"0"},"target":"hyperion_node::rpc::handlers","spans":[{"block_hash":"acd07ef45de2345373c802cba1c9b15e8044431b4a01eae8eb8bab978a66a919","name":"submit_block"}],"threadId":"ThreadId(16)"}
{"timestamp":"2025-09-11T23:19:54.669332Z","level":"INFO","fields":{"message":"Shutting down Hyperion Node..."},"target":"hyperion_node","threadId":"ThreadId(1)"}
{"timestamp":"2025-09-11T23:19:54.669691Z","level":"INFO","fields":{"message":"Node stopped."},"target":"hyperion_node","threadId":"ThreadId(1)"}
{"timestamp":"2025-09-11T23:53:22.818007Z","level":"INFO","fields":{"message":"Staring Hyperion Node..."},"target":"hyperion_node","threadId":"ThreadId(1)"}
{"timestamp":"2025-09-11T23:53:22.818144Z","level":"INFO","fields":{"message":"Genesis Block: 0ced80918b8f63ec0ea8bb451f58371210dbac508e3dcdebed34492e6c527d32"},"target":"hyperion_node","threadId":"ThreadId(1)"}
{"timestamp":"2025-09-11T23:53:22.818305Z","level":"INFO","fields":{"message":"Added 215 test transactions to mempool"},"target":"hyperion_node","threadId":"ThreadId(1)"}
{"timestamp":"2025-09-11T23:53:22.818321Z","level":"INFO","fields":{"message":"RPC server listening on 127.0.0.1:6001"},"target":"hyperion_node","threadId":"ThreadId(1)"}
{"timestamp":"2025-09-11T23:53:22.818329Z","level":"INFO","fields":{"message":"P2P listener on 127.0.0.1:6000"},"target":"hyperion_node","threadId":"ThreadId(1)"}
{"timestamp":"2025-09-11T23:53:22.818336Z","level":"INFO","fields":{"message":"Press Ctrl+C to stop"},"target":"hyperion_node","threadId":"ThreadId(1)"}
{"timestamp":"2025-09-11T23:54:02.030551Z","level":"INFO","fields":{"message":"Shutting down Hyperion Node..."},"target":"hyperion_node","threadId":"ThreadId(1)"}
{"timestamp":"2025-09-11T23:54:02.030901Z","level":"INFO","fields":{"message":"Node stopped."},"target":"hyperion_node","threadId":"ThreadId(1)"}
{"timestamp":"2025-09-11T23:54:36.466903Z","level":"INFO","fields":{"message":"Staring Hyperion Node..."},"target":"hyperion_node","threadId":"ThreadId(1)"}
{"timestamp":"2025-09-11T23:54:36.467039Z","level":"INFO","fields":{"message":"Genesis Block: 0ced80918b8f63ec0ea8bb451f58371210dbac508e3dcdebed34492e6c527d32"},"target":"hyperion_node","threadId":"ThreadId(1)"}
{"timestamp":"2025-09-11T23:54:36.467189Z","level":"INFO","fields":{"message":"Added 215 test transactions to mempool"},"target":"hyperion_node","threadId":"ThreadId(1)"}
{"timestamp":"2025-09-11T23:54:36.467202Z","level":"INFO","fields":{"message":"RPC server listening on 127.0.0.1:6001"},"target":"hyperion_node","threadId":"ThreadId(1)"}
{"timestamp":"2025-09-11T23:54:36.467209Z","level":"INFO","fields":{"message":"P2P listener on 127.0.0.1:6000"},"target":"hyperion_node","threadId":"ThreadId(1)"}
{"timestamp":"2025-09-11T23:54:36.467215Z","level":"INFO","fields":{"message":"Press Ctrl+C to stop"},"target":"hyperion_node","threadId":"ThreadId(1)"}
{"timestamp":"2025-09-11T23:55:21.777360Z","level":"INFO","fields":{"message":"Shutting down Hyperion Node..."},"target":"hyperion_node","threadId":"ThreadId(1)"}
{"timestamp":"2025-09-11T23:55:21.777746Z","level":"INFO","fields":{"message":"Node stopped."},"target":"hyperion_node","threadId":"ThreadId(1)"}
{"timestamp":"2025-09-11T23:59:43.004658Z","level":"INFO","fields":{"message":"Staring Hyperion Node..."},"target":"hyperion_node","threadId":"ThreadId(1)"}
{"timestamp":"2025-09-11T23:59:43.004772Z","level":"INFO","fields":{"message":"Genesis Block: 0ced80918b8f63ec0ea8bb451f58371210dbac508e3dcdebed34492e6c527d32"},"target":"hyperion_node","threadId":"ThreadId(1)"}
{"timestamp":"2025-09-11T23:59:43.004914Z","level":"INFO","fields":{"message":"Added 215 test transactions to mempool"},"target":"hyperion_node","threadId":"ThreadId(1)"}
{"timestamp":"2025-09-11T23:59:43.004930Z","level":"INFO","fields":{"message":"RPC server listening on 127.0.0.1:6001"},"target":"hyperion_node","threadId":"ThreadId(1)"}
{"timestamp":"2025-09-11T23:59:43.004935Z","level":"INFO","fields":{"message":"P2P listener on 127.0.0.1:6000"},"target":"hyperion_node","threadId":"ThreadId(1)"}
{"timestamp":"2025-09-11T23:59:43.004942Z","level":"INFO","fields":{"message":"Press Ctrl+C to stop"},"target":"hyperion_node","threadId":"ThreadId(1)"}
{"timestamp":"2025-09-11T23:59:56.274754Z","level":"INFO","fields":{"message":"Shutting down Hyperion Node..."},"target":"hyperion_node","threadId":"ThreadId(1)"}
{"timestamp":"2025-09-11T23:59:56.275135Z","level":"INFO","fields":{"message":"Node stopped."},"target":"hyperion_node","threadId":"ThreadId(1)"}
{"timestamp":"2025-09-12T00:08:09.193567Z","level":"INFO","fields":{"message":"Staring Hyperion Node..."},"target":"hyperion_node","threadId":"ThreadId(1)"}
{"timestamp":"2025-09-12T00:08:09.193718Z","level":"INFO","fields":{"message":"Genesis Block: 0ced80918b8f63ec0ea8bb451f58371210dbac508e3dcdebed34492e6c527d32"},"target":"hyperion_node","threadId":"ThreadId(1)"}
{"timestamp":"2025-09-12T00:08:09.193879Z","level":"INFO","fields":{"message":"Added 215 test transactions to mempool"},"target":"hyperion_node","threadId":"ThreadId(1)"}
{"timestamp":"2025-09-12T00:08:09.193897Z","level":"INFO","fields":{"message":"RPC server listening on 127.0.0.1:6001"},"target":"hyperion_node","threadId":"ThreadId(1)"}
{"timestamp":"2025-09-12T00:08:09.193904Z","level":"INFO","fields":{"message":"P2P listener on 127.0.0.1:6000"},"target":"hyperion_node","threadId":"ThreadId(1)"}
{"timestamp":"2025-09-12T00:08:09.193911Z","level":"INFO","fields":{"message":"Press Ctrl+C to stop"},"target":"hyperion_node","threadId":"ThreadId(1)"}
{"timestamp":"2025-09-12T00:08:20.281251Z","level":"INFO","fields":{"message":"Shutting down Hyperion Node..."},"target":"hyperion_node","threadId":"ThreadId(1)"}
{"timestamp":"2025-09-12T00:08:20.281625Z","level":"INFO","fields":{"message":"Node stopped."},"target":"hyperion_node","threadId":"ThreadId(1)"}
{"timestamp":"2025-09-12T00:09:14.031758Z","level":"INFO","fields":{"message":"Staring Hyperion Node..."},"target":"hyperion_node","threadId":"ThreadId(1)"}
{"timestamp":"2025-09-12T00:09:14.031912Z","level":"INFO","fields":{"message":"Genesis Block: 0ced80918b8f63ec0ea8bb451f58371210dbac508e3dcdebed34492e6c527d32"},"target":"hyperion_node","threadId":"ThreadId(1)"}
{"timestamp":"2025-09-12T00:09:14.032050Z","level":"INFO","fields":{"message":"Added 215 test transactions to mempool"},"target":"hyperion_node","threadId":"ThreadId(1)"}
{"timestamp":"2025-09-12T00:09:14.032065Z","level":"INFO","fields":{"message":"RPC server listening on 127.0.0.1:6001"},"target":"hyperion_node","threadId":"ThreadId(1)"}
{"timestamp":"2025-09-12T00:09:14.032070Z","level":"INFO","fields":{"message":"P2P listener on 127.0.0.1:6000"},"target":"hyperion_node","threadId":"ThreadId(1)"}
{"timestamp":"2025-09-12T00:09:14.032076Z","level":"INFO","fields":{"message":"Press Ctrl+C to stop"},"target":"hyperion_node","threadId":"ThreadId(1)"}
{"timestamp":"2025-09-12T00:09:19.432991Z","level":"INFO","fields":{"message":"Shutting down Hyperion Node..."},"target":"hyperion_node","threadId":"ThreadId(1)"}
{"timestamp":"2025-09-12T00:09:19.433368Z","level":"INFO","fields":{"message":"Node stopped."},"target":"hyperion_node","threadId":"ThreadId(1)"}
{"timestamp":"2025-09-12T00:14:13.156855Z","level":"INFO","fields":{"message":"Staring Hyperion Node..."},"target":"hyperion_node","threadId":"ThreadId(1)"}
{"timestamp":"2025-09-12T00:14:13.156981Z","level":"INFO","fields":{"message":"Genesis Block: 0ced80918b8f63ec0ea8bb451f58371210dbac508e3dcdebed34492e6c527d32"},"target":"hyperion_node","threadId":"ThreadId(1)"}
{"timestamp":"2025-09-12T00:14:13.157117Z","level":"INFO","fields":{"message":"Added 215 test transactions to mempool"},"target":"hyperion_node","threadId":"ThreadId(1)"}
{"timestamp":"2025-09-12T00:14:13.157133Z","level":"INFO","fields":{"message":"RPC server listening on 127.0.0.1:6001"},"target":"hyperion_node","threadId":"ThreadId(1)"}
{"timestamp":"2025-09-12T00:14:13.157139Z","level":"INFO","fields":{"message":"P2P listener on 127.0.0.1:6000"},"target":"hyperion_node","threadId":"ThreadId(1)"}
{"timestamp":"2025-09-12T00:14:13.157143Z","level":"INFO","fields":{"message":"Press Ctrl+C to stop"},"target":"hyperion_node","threadId":"ThreadId(1)"}
{"timestamp":"2025-09-12T00:14:18.387626Z","level":"INFO","fields":{"message":"Shutting down Hyperion Node..."},"target":"hyperion_node","threadId":"ThreadId(1)"}
{"timestamp":"2025-09-12T00:14:18.388008Z","level":"INFO","fields":{"message":"Node stopped."},"target":"hyperion_node","threadId":"ThreadId(1)"}
{"timestamp":"2025-09-12T00:15:40.299464Z","level":"INFO","fields":{"message":"Staring Hyperion Node..."},"target":"hyperion_node","threadId":"ThreadId(1)"}
{"timestamp":"2025-09-12T00:15:40.299584Z","level":"INFO","fields":{"message":"Genesis Block: 0ced80918b8f63ec0ea8bb451f58371210dbac508e3dcdebed34492e6c527d32"},"target":"hyperion_node","threadId":"ThreadId(1)"}
{"timestamp":"2025-09-12T00:15:40.299724Z","level":"INFO","fields":{"message":"Added 215 test transactions to mempool"},"target":"hyperion_node","threadId":"ThreadId(1)"}
{"timestamp":"2025-09-12T00:15:40.299737Z","level":"INFO","fields":{"message":"RPC server listening on 127.0.0.1:6001"},"target":"hyperion_node","threadId":"ThreadId(1)"}
{"timestamp":"2025-09-12T00:15:40.299742Z","level":"INFO","fields":{"message":"P2P listener on 127.0.0.1:6000"},"target":"hyperion_node","threadId":"ThreadId(1)"}
{"timestamp":"2025-09-12T00:15:40.299746Z","level":"INFO","fields":{"message":"Press Ctrl+C to stop"},"target":"hyperion_node","threadId":"ThreadId(1)"}
{"timestamp":"2025-09-12T00:16:18.954200Z","level":"INFO","fields":{"message":"Shutting down Hyperion Node..."},"target":"hyperion_node","threadId":"ThreadId(1)"}
{"timestamp":"2025-09-12T00:16:18.954730Z","level":"INFO","fields":{"message":"Node stopped."},"target":"hyperion_node","threadId":"ThreadId(1)"}
{"timestamp":"2025-09-12T00:21:47.585816Z","level":"INFO","fields":{"message":"Staring Hyperion Node..."},"target":"hyperion_node","threadId":"ThreadId(1)"}
{"timestamp":"2025-09-12T00:21:47.585954Z","level":"INFO","fields":{"message":"Genesis Block: 0ced80918b8f63ec0ea8bb451f58371210dbac508e3dcdebed34492e6c527d32"},"target":"hyperion_node","threadId":"ThreadId(1)"}
{"timestamp":"2025-09-12T00:21:47.586093Z","level":"INFO","fields":{"message":"Added 215 test transactions to mempool"},"target":"hyperion_node","threadId":"ThreadId(1)"}
{"timestamp":"2025-09-12T00:21:47.586106Z","level":"INFO","fields":{"message":"RPC server listening on 127.0.0.1:6001"},"target":"hyperion_node","threadId":"ThreadId(1)"}
{"timestamp":"2025-09-12T00:21:47.586110Z","level":"INFO","fields":{"message":"P2P listener on 127.0.0.1:6000"},"target":"hyperion_node","threadId":"ThreadId(1)"}
{"timestamp":"2025-09-12T00:21:47.586115Z","level":"INFO","fields":{"message":"Press Ctrl+C to stop"},"target":"hyperion_node","threadId":"ThreadId(1)"}
{"timestamp":"2025-09-12T00:21:53.958096Z","level":"INFO","fields":{"message":"Shutting down Hyperion Node..."},"target":"hyperion_node","threadId":"ThreadId(1)"}
{"timestamp":"2025-09-12T00:21:53.958472Z","level":"INFO","fields":{"message":"Node stopped."},"target":"hyperion_node","threadId":"ThreadId(1)"}
{"timestamp":"2025-09-12T00:24:45.254241Z","level":"INFO","fields":{"message":"Staring Hyperion Node..."},"target":"hyperion_node","threadId":"ThreadId(1)"}
{"timestamp":"2025-09-12T00:24:45.254359Z","level":"INFO","fields":{"message":"Genesis Block: 0ced80918b8f63ec0ea8bb451f58371210dbac508e3dcdebed34492e6c527d32"},"target":"hyperion_node","threadId":"ThreadId(1)"}
{"timestamp":"2025-09-12T00:24:45.254500Z","level":"INFO","fields":{"message":"Added 215 test transactions to mempool"},"target":"hyperion_node","threadId":"ThreadId(1)"}
{"timestamp":"2025-09-12T00:24:45.254516Z","level":"INFO","fields":{"message":"RPC server listening on 127.0.0.1:6001"},"target":"hyperion_node","threadId":"ThreadId(1)"}
{"timestamp":"2025-09-12T00:24:45.254522Z","level":"INFO","fields":{"message":"P2P listener on 127.0.0.1:6000"},"target":"hyperion_node","threadId":"ThreadId(1)"}
{"timestamp":"2025-09-12T00:24:45.254526Z","level":"INFO","fields":{"message":"Press Ctrl+C to stop"},"target":"hyperion_node","threadId":"ThreadId(1)"}
{"timestamp":"2025-09-12T00:24:51.526106Z","level":"INFO","fields":{"message":"Shutting down Hyperion Node..."},"target":"hyperion_node","threadId":"ThreadId(1)"}
{"timestamp":"2025-09-12T00:24:51.526599Z","level":"INFO","fields":{"message":"Node stopped."},"target":"hyperion_node","threadId":"ThreadId(1)"}
{"timestamp":"2025-09-12T00:25:01.307758Z","level":"INFO","fields":{"message":"Staring Hyperion Node..."},"target":"hyperion_node","threadId":"ThreadId(1)"}
{"timestamp":"2025-09-12T00:25:01.307900Z","level":"INFO","fields":{"message":"Genesis Block: 0ced80918b8f63ec0ea8bb451f58371210dbac508e3dcdebed34492e6c527d32"},"target":"hyperion_node","threadId":"ThreadId(1)"}
{"timestamp":"2025-09-12T00:25:01.308066Z","level":"INFO","fields":{"message":"Added 215 test transactions to mempool"},"target":"hyperion_node","threadId":"ThreadId(1)"}
{"timestamp":"2025-09-12T00:25:01.308086Z","level":"INFO","fields":{"message":"RPC server listening on 127.0.0.1:6001"},"target":"hyperion_node","threadId":"ThreadId(1)"}
{"timestamp":"2025-09-12T00:25:01.308092Z","level":"INFO","fields":{"message":"P2P listener on 127.0.0.1:6000"},"target":"hyperion_node","threadId":"ThreadId(1)"}
{"timestamp":"2025-09-12T00:25:01.308096Z","level":"INFO","fields":{"message":"Press Ctrl+C to stop"},"target":"hyperion_node","threadId":"ThreadId(1)"}
{"timestamp":"2025-09-12T00:25:10.457540Z","level":"INFO","fields":{"message":"Shutting down Hyperion Node..."},"target":"hyperion_node","threadId":"ThreadId(1)"}
{"timestamp":"2025-09-12T00:25:10.457907Z","level":"INFO","fields":{"message":"Node stopped."},"target":"hyperion_node","threadId":"ThreadId(1)"}
{"timestamp":"2025-09-12T00:25:31.609640Z","level":"INFO","fields":{"message":"Staring Hyperion Node..."},"target":"hyperion_node","threadId":"ThreadId(1)"}
{"timestamp":"2025-09-12T00:25:31.609793Z","level":"INFO","fields":{"message":"Genesis Block: 0ced80918b8f63ec0ea8bb451f58371210dbac508e3dcdebed34492e6c527d32"},"target":"hyperion_node","threadId":"ThreadId(1)"}
{"timestamp":"2025-09-12T00:25:31.609992Z","level":"INFO","fields":{"message":"Added 215 test transactions to mempool"},"target":"hyperion_node","threadId":"ThreadId(1)"}
{"timestamp":"2025-09-12T00:25:31.610012Z","level":"INFO","fields":{"message":"RPC server listening on 127.0.0.1:6001"},"target":"hyperion_node","threadId":"ThreadId(1)"}
{"timestamp":"2025-09-12T00:25:31.610019Z","level":"INFO","fields":{"message":"P2P listener on 127.0.0.1:6000"},"target":"hyperion_node","threadId":"ThreadId(1)"}
{"timestamp":"2025-09-12T00:25:31.610025Z","level":"INFO","fields":{"message":"Press Ctrl+C to stop"},"target":"hyperion_node","threadId":"ThreadId(1)"}
{"timestamp":"2025-09-12T00:25:38.258749Z","level":"INFO","fields":{"message":"Shutting down Hyperion Node..."},"target":"hyperion_node","threadId":"ThreadId(1)"}
{"timestamp":"2025-09-12T00:25:38.259177Z","level":"INFO","fields":{"message":"Node stopped."},"target":"hyperion_node","threadId":"ThreadId(1)"}
{"timestamp":"2025-09-12T00:25:46.326113Z","level":"INFO","fields":{"message":"Staring Hyperion Node..."},"target":"hyperion_node","threadId":"ThreadId(1)"}
{"timestamp":"2025-09-12T00:25:46.326253Z","level":"INFO","fields":{"message":"Genesis Block: 0ced80918b8f63ec0ea8bb451f58371210dbac508e3dcdebed34492e6c527d32"},"target":"hyperion_node","threadId":"ThreadId(1)"}
{"timestamp":"2025-09-12T00:25:46.326402Z","level":"INFO","fields":{"message":"Added 215 test transactions to mempool"},"target":"hyperion_node","threadId":"ThreadId(1)"}
{"timestamp":"2025-09-12T00:25:46.326422Z","level":"INFO","fields":{"message":"RPC server listening on 127.0.0.1:6001"},"target":"hyperion_node","threadId":"ThreadId(1)"}
{"timestamp":"2025-09-12T00:25:46.326428Z","level":"INFO","fields":{"message":"P2P listener on 127.0.0.1:6000"},"target":"hyperion_node","threadId":"ThreadId(1)"}
{"timestamp":"2025-09-12T00:25:46.326434Z","level":"INFO","fields":{"message":"Press Ctrl+C to stop"},"target":"hyperion_node","threadId":"ThreadId(1)"}
{"timestamp":"2025-09-12T00:25:56.829562Z","level":"INFO","fields":{"message":"Shutting down Hyperion Node..."},"target":"hyperion_node","threadId":"ThreadId(1)"}
{"timestamp":"2025-09-12T00:25:56.829911Z","level":"INFO","fields":{"message":"Node stopped."},"target":"hyperion_node","threadId":"ThreadId(1)"}
{"timestamp":"2025-09-12T00:26:26.274196Z","level":"INFO","fields":{"message":"Staring Hyperion Node..."},"target":"hyperion_node","threadId":"ThreadId(1)"}
{"timestamp":"2025-09-12T00:26:26.274342Z","level":"INFO","fields":{"message":"Genesis Block: 0ced80918b8f63ec0ea8bb451f58371210dbac508e3dcdebed34492e6c527d32"},"target":"hyperion_node","threadId":"ThreadId(1)"}
{"timestamp":"2025-09-12T00:26:26.274493Z","level":"INFO","fields":{"message":"Added 215 test transactions to mempool"},"target":"hyperion_node","threadId":"ThreadId(1)"}
{"timestamp":"2025-09-12T00:26:26.274508Z","level":"INFO","fields":{"message":"RPC server listening on 127.0.0.1:6001"},"target":"hyperion_node","threadId":"ThreadId(1)"}
{"timestamp":"2025-09-12T00:26:26.274514Z","level":"INFO","fields":{"message":"P2P listener on 127.0.0.1:6000"},"target":"hyperion_node","threadId":"ThreadId(1)"}
{"timestamp":"2025-09-12T00:26:26.274519Z","level":"INFO","fields":{"message":"Press Ctrl+C to stop"},"target":"hyperion_node","threadId":"ThreadId(1)"}
{"timestamp":"2025-09-12T00:26:47.470389Z","level":"INFO","fields":{"message":"Shutting down Hyperion Node..."},"target":"hyperion_node","threadId":"ThreadId(1)"}
{"timestamp":"2025-09-12T00:26:47.470742Z","level":"INFO","fields":{"message":"Node stopped."},"target":"hyperion_node","threadId":"ThreadId(1)"}
{"timestamp":"2025-09-12T00:27:32.980112Z","level":"INFO","fields":{"message":"Staring Hyperion Node..."},"target":"hyperion_node","threadId":"ThreadId(1)"}
{"timestamp":"2025-09-12T00:27:32.980237Z","level":"INFO","fields":{"message":"Genesis Block: 0ced80918b8f63ec0ea8bb451f58371210dbac508e3dcdebed34492e6c527d32"},"target":"hyperion_node","threadId":"ThreadId(1)"}
{"timestamp":"2025-09-12T00:27:32.980377Z","level":"INFO","fields":{"message":"Added 215 test transactions to mempool"},"target":"hyperion_node","threadId":"ThreadId(1)"}
{"timestamp":"2025-09-12T00:27:32.980391Z","level":"INFO","fields":{"message":"RPC server listening on 127.0.0.1:6001"},"target":"hyperion_node","threadId":"ThreadId(1)"}
{"timestamp":"2025-09-12T00:27:32.980395Z","level":"INFO","fields":{"message":"P2P listener on 127.0.0.1:6000"},"target":"hyperion_node","threadId":"ThreadId(1)"}
{"timestamp":"2025-09-12T00:27:32.980399Z","level":"INFO","fields":{"message":"Press Ctrl+C to stop"},"target":"hyperion_node","threadId":"ThreadId(1)"}
{"timestamp":"2025-09-12T00:27:40.562538Z","level":"INFO","fields":{"message":"Shutting down Hyperion Node..."},"target":"hyperion_node","threadId":"ThreadId(1)"}
{"timestamp":"2025-09-12T00:27:40.562916Z","level":"INFO","fields":{"message":"Node stopped."},"target":"hyperion_node","threadId":"ThreadId(1)"}
{"timestamp":"2025-09-12T00:27:54.257604Z","level":"INFO","fields":{"message":"Staring Hyperion Node..."},"target":"hyperion_node","threadId":"ThreadId(1)"}
{"timestamp":"2025-09-12T00:27:54.257738Z","level":"INFO","fields":{"message":"Genesis Block: 0ced80918b8f63ec0ea8bb451f58371210dbac508e3dcdebed34492e6c527d32"},"target":"hyperion_node","threadId":"ThreadId(1)"}
{"timestamp":"2025-09-12T00:27:54.257878Z","level":"INFO","fields":{"message":"Added 215 test transactions to mempool"},"target":"hyperion_node","threadId":"ThreadId(1)"}
{"timestamp":"2025-09-12T00:27:54.257892Z","level":"INFO","fields":{"message":"RPC server listening on 127.0.0.1:6001"},"target":"hyperion_node","threadId":"ThreadId(1)"}
{"timestamp":"2025-09-12T00:27:54.257897Z","level":"INFO","fields":{"message":"P2P listener on 127.0.0.1:6000"},"target":"hyperion_node","threadId":"ThreadId(1)"}
{"timestamp":"2025-09-12T00:27:54.257902Z","level":"INFO","fields":{"message":"Press Ctrl+C to stop"},"target":"hyperion_node","threadId":"ThreadId(1)"}
{"timestamp":"2025-09-12T00:28:00.063703Z","level":"INFO","fields":{"message":"Shutting down Hyperion Node..."},"target":"hyperion_node","threadId":"ThreadId(1)"}
{"timestamp":"2025-09-12T00:28:00.064064Z","level":"INFO","fields":{"message":"Node stopped."},"target":"hyperion_node","threadId":"ThreadId(1)"}
{"timestamp":"2025-09-12T00:29:04.066342Z","level":"INFO","fields":{"message":"Staring Hyperion Node..."},"target":"hyperion_node","threadId":"ThreadId(1)"}
{"timestamp":"2025-09-12T00:29:04.066501Z","level":"INFO","fields":{"message":"Genesis Block: 0ced80918b8f63ec0ea8bb451f58371210dbac508e3dcdebed34492e6c527d32"},"target":"hyperion_node","threadId":"ThreadId(1)"}
{"timestamp":"2025-09-12T00:29:04.066666Z","level":"INFO","fields":{"message":"Added 215 test transactions to mempool"},"target":"hyperion_node","threadId":"ThreadId(1)"}
{"timestamp":"2025-09-12T00:29:04.066684Z","level":"INFO","fields":{"message":"RPC server listening on 127.0.0.1:6001"},"target":"hyperion_node","threadId":"ThreadId(1)"}
{"timestamp":"2025-09-12T00:29:04.066691Z","level":"INFO","fields":{"message":"P2P listener on 127.0.0.1:6000"},"target":"hyperion_node","threadId":"ThreadId(1)"}
{"timestamp":"2025-09-12T00:29:04.066697Z","level":"INFO","fields":{"message":"Press Ctrl+C to stop"},"target":"hyperion_node","threadId":"ThreadId(1)"}
{"timestamp":"2025-09-12T00:29:10.562476Z","level":"INFO","fields":{"message":"Shutting down Hyperion Node..."},"target":"hyperion_node","threadId":"ThreadId(1)"}
{"timestamp":"2025-09-12T00:29:10.562839Z","level":"INFO","fields":{"message":"Node stopped."},"target":"hyperion_node","threadId":"ThreadId(1)"}
{"timestamp":"2025-09-12T00:30:38.861368Z","level":"INFO","fields":{"message":"Staring Hyperion Node..."},"target":"hyperion_node","threadId":"ThreadId(1)"}
{"timestamp":"2025-09-12T00:30:38.861476Z","level":"INFO","fields":{"message":"Genesis Block: 0ced80918b8f63ec0ea8bb451f58371210dbac508e3dcdebed34492e6c527d32"},"target":"hyperion_node","threadId":"ThreadId(1)"}
{"timestamp":"2025-09-12T00:30:38.861644Z","level":"INFO","fields":{"message":"Added 215 test transactions to mempool"},"target":"hyperion_node","threadId":"ThreadId(1)"}
{"timestamp":"2025-09-12T00:30:38.861659Z","level":"INFO","fields":{"message":"RPC server listening on 127.0.0.1:6001"},"target":"hyperion_node","threadId":"ThreadId(1)"}
{"timestamp":"2025-09-12T00:30:38.861664Z","level":"INFO","fields":{"message":"P2P listener on 127.0.0.1:6000"},"target":"hyperion_node","threadId":"ThreadId(1)"}
{"timestamp":"2025-09-12T00:30:38.861668Z","level":"INFO","fields":{"message":"Press Ctrl+C to stop"},"target":"hyperion_node","threadId":"ThreadId(1)"}
{"timestamp":"2025-09-12T00:32:48.026119Z","level":"INFO","fields":{"message":"Shutting down Hyperion Node..."},"target":"hyperion_node","threadId":"ThreadId(1)"}
{"timestamp":"2025-09-12T00:32:48.026471Z","level":"INFO","fields":{"message":"Node stopped."},"target":"hyperion_node","threadId":"ThreadId(1)"}
{"timestamp":"2025-09-12T00:35:51.014848Z","level":"INFO","fields":{"message":"Staring Hyperion Node..."},"target":"hyperion_node","threadId":"ThreadId(1)"}
{"timestamp":"2025-09-12T00:35:51.014961Z","level":"INFO","fields":{"message":"Genesis Block: 0ced80918b8f63ec0ea8bb451f58371210dbac508e3dcdebed34492e6c527d32"},"target":"hyperion_node","threadId":"ThreadId(1)"}
{"timestamp":"2025-09-12T00:35:51.015098Z","level":"INFO","fields":{"message":"Added 215 test transactions to mempool"},"target":"hyperion_node","threadId":"ThreadId(1)"}
{"timestamp":"2025-09-12T00:35:51.015111Z","level":"INFO","fields":{"message":"RPC server listening on 127.0.0.1:6001"},"target":"hyperion_node","threadId":"ThreadId(1)"}
{"timestamp":"2025-09-12T00:35:51.015115Z","level":"INFO","fields":{"message":"P2P listener on 127.0.0.1:6000"},"target":"hyperion_node","threadId":"ThreadId(1)"}
{"timestamp":"2025-09-12T00:35:51.015120Z","level":"INFO","fields":{"message":"Press Ctrl+C to stop"},"target":"hyperion_node","threadId":"ThreadId(1)"}
{"timestamp":"2025-09-12T00:36:30.717289Z","level":"INFO","fields":{"message":"Shutting down Hyperion Node..."},"target":"hyperion_node","threadId":"ThreadId(1)"}
{"timestamp":"2025-09-12T00:36:30.717662Z","level":"INFO","fields":{"message":"Node stopped."},"target":"hyperion_node","threadId":"ThreadId(1)"}
{"timestamp":"2025-09-12T00:37:15.975801Z","level":"INFO","fields":{"message":"Staring Hyperion Node..."},"target":"hyperion_node","threadId":"ThreadId(1)"}
{"timestamp":"2025-09-12T00:37:15.975917Z","level":"INFO","fields":{"message":"Genesis Block: 0ced80918b8f63ec0ea8bb451f58371210dbac508e3dcdebed34492e6c527d32"},"target":"hyperion_node","threadId":"ThreadId(1)"}
{"timestamp":"2025-09-12T00:37:15.976055Z","level":"INFO","fields":{"message":"Added 215 test transactions to mempool"},"target":"hyperion_node","threadId":"ThreadId(1)"}
{"timestamp":"2025-09-12T00:37:15.976067Z","level":"INFO","fields":{"message":"RPC server listening on 127.0.0.1:6001"},"target":"hyperion_node","threadId":"ThreadId(1)"}
{"timestamp":"2025-09-12T00:37:15.976072Z","level":"INFO","fields":{"message":"P2P listener on 127.0.0.1:6000"},"target":"hyperion_node","threadId":"ThreadId(1)"}
{"timestamp":"2025-09-12T00:37:15.976076Z","level":"INFO","fields":{"message":"Press Ctrl+C to stop"},"target":"hyperion_node","threadId":"ThreadId(1)"}
{"timestamp":"2025-09-12T00:41:04.805922Z","level":"INFO","fields":{"message":"Shutting down Hyperion Node..."},"target":"hyperion_node","threadId":"ThreadId(1)"}
{"timestamp":"2025-09-12T00:41:04.806241Z","level":"INFO","fields":{"message":"Node stopped."},"target":"hyperion_node","threadId":"ThreadId(1)"}
{"timestamp":"2025-09-12T00:41:47.322149Z","level":"INFO","fields":{"message":"Staring Hyperion Node..."},"target":"hyperion_node","threadId":"ThreadId(1)"}
{"timestamp":"2025-09-12T00:41:47.322267Z","level":"INFO","fields":{"message":"Genesis Block: 0ced80918b8f63ec0ea8bb451f58371210dbac508e3dcdebed34492e6c527d32"},"target":"hyperion_node","threadId":"ThreadId(1)"}
{"timestamp":"2025-09-12T00:41:47.322403Z","level":"INFO","fields":{"message":"Added 215 test transactions to mempool"},"target":"hyperion_node","threadId":"ThreadId(1)"}
{"timestamp":"2025-09-12T00:41:47.322417Z","level":"INFO","fields":{"message":"RPC server listening on 127.0.0.1:6001"},"target":"hyperion_node","threadId":"ThreadId(1)"}
{"timestamp":"2025-09-12T00:41:47.322422Z","level":"INFO","fields":{"message":"P2P listener on 127.0.0.1:6000"},"target":"hyperion_node","threadId":"ThreadId(1)"}
{"timestamp":"2025-09-12T00:41:47.322426Z","level":"INFO","fields":{"message":"Press Ctrl+C to stop"},"target":"hyperion_node","threadId":"ThreadId(1)"}
{"timestamp":"2025-09-12T00:45:34.267575Z","level":"INFO","fields":{"message":"Block accepted","height":"14","tx_count":"15"},"target":"hyperion_node::rpc::handlers","spans":[{"block_hash":"8f9ee4a7acfa37b4d941652ed9b63c866eda3fddafc15eddda7077f9323bc07d","name":"submit_block"}],"threadId":"ThreadId(13)"}
{"timestamp":"2025-09-12T00:47:48.869491Z","level":"INFO","fields":{"message":"Shutting down Hyperion Node..."},"target":"hyperion_node","threadId":"ThreadId(1)"}
{"timestamp":"2025-09-12T00:47:48.869783Z","level":"INFO","fields":{"message":"Node stopped."},"target":"hyperion_node","threadId":"ThreadId(1)"}
